<?xml version="1.0" encoding="UTF-8"?>
<testsuite xmlns:xsi="http://www.w3.org/2001/XMLSchema-instance" xsi:noNamespaceSchemaLocation="https://maven.apache.org/surefire/maven-surefire-plugin/xsd/surefire-test-report-3.0.xsd" version="3.0" name="org.OpenSourceDev.test.L2022211969_12_Test" time="0.082" tests="3" errors="1" skipped="0" failures="2">
  <properties>
[...]
</properties>
  <testcase name="Big_input" classname="org.OpenSourceDev.test.L2022211969_12_Test" time="0.047">
    <failure type="java.lang.AssertionError"><![CDATA[java.lang.AssertionError
	at org.OpenSourceDev.test.L2022211969_12_Test.Big_input(L2022211969_12_Test.java:43)
	at java.base/java.lang.reflect.Method.invoke(Method.java:568)
	at java.base/java.util.ArrayList.forEach(ArrayList.java:1511)
	at java.base/java.util.ArrayList.forEach(ArrayList.java:1511)
]]></failure>
  </testcase>
  <testcase name="Input_zero" classname="org.OpenSourceDev.test.L2022211969_12_Test" time="0.002">
    <failure type="java.lang.AssertionError"><![CDATA[java.lang.AssertionError
	at org.OpenSourceDev.test.L2022211969_12_Test.Input_zero(L2022211969_12_Test.java:24)
	at java.base/java.lang.reflect.Method.invoke(Method.java:568)
	at java.base/java.util.ArrayList.forEach(ArrayList.java:1511)
	at java.base/java.util.ArrayList.forEach(ArrayList.java:1511)
]]></failure>
  </testcase>
  <testcase name="Input_neg" classname="org.OpenSourceDev.test.L2022211969_12_Test" time="0.001">
    <error message="error handling invalid input" type="java.lang.Exception"><![CDATA[java.lang.Exception: error handling invalid input
	at org.OpenSourceDev.test.L2022211969_12_Test.Input_neg(L2022211969_12_Test.java:35)
	at java.base/java.lang.reflect.Method.invoke(Method.java:568)
	at java.base/java.util.ArrayList.forEach(ArrayList.java:1511)
	at java.base/java.util.ArrayList.forEach(ArrayList.java:1511)
]]></error>
  </testcase>
</testsuite>